libraries/library/build/outputs/logs/manifest-merger-debug-report.txt
-- Merging decision tree log ---
manifest
ADDED from src\main\AndroidManifest.xml:1:1-6:12
INJECTED from src\main\AndroidManifest.xml:1:1-6:12
INJECTED from src\main\AndroidManifest.xml:1:1-6:12
	package
		ADDED from src\main\AndroidManifest.xml:3:5-41
		INJECTED from src\main\AndroidManifest.xml
		INJECTED from src\main\AndroidManifest.xml
	xmlns:android
		ADDED from src\main\AndroidManifest.xml:2:5-63
uses-sdk
ADDED from src\main\AndroidManifest.xml:4:5-47
INJECTED from src\main\AndroidManifest.xml:4:5-47
INJECTED from src\main\AndroidManifest.xml:4:5-47
INJECTED from src\main\AndroidManifest.xml:4:5-47
INJECTED from src\main\AndroidManifest.xml:4:5-47
	android:targetSdkVersion
		ADDED from src\main\AndroidManifest.xml:4:15-44
		INJECTED from src\main\AndroidManifest.xml
		INJECTED from src\main\AndroidManifest.xml
	android:minSdkVersion
		INJECTED from src\main\AndroidManifest.xml
		ADDED from src\main\AndroidManifest.xml:4:5-47
		INJECTED from src\main\AndroidManifest.xml
application
ADDED from src\main\AndroidManifest.xml:5:5-20